[2020-04-01T13:52:54.243] [DEBUG] cheese - login => username:admin,password:123456
[2020-04-01T13:52:54.245] [DEBUG] cheese - admin
[2020-04-01T13:52:54.257] [DEBUG] cheese - null
[2020-04-01T13:52:54.257] [DEBUG] cheese - null
[2020-04-01T13:53:05.583] [DEBUG] cheese - login => username:123,password:123123
[2020-04-01T13:53:05.583] [DEBUG] cheese - 123
[2020-04-01T13:53:05.585] [DEBUG] cheese - null
[2020-04-01T13:53:05.585] [DEBUG] cheese - null
[2020-04-01T13:53:10.312] [DEBUG] cheese - login => username:123,password:123123123
[2020-04-01T13:53:10.312] [DEBUG] cheese - 123
[2020-04-01T13:53:10.314] [DEBUG] cheese - null
[2020-04-01T13:53:10.314] [DEBUG] cheese - null
[2020-04-01T13:56:37.629] [DEBUG] cheese - login => username:123,password:123451
[2020-04-01T13:56:37.629] [DEBUG] cheese - 123
[2020-04-01T13:56:37.630] [DEBUG] cheese - null
[2020-04-01T13:56:37.630] [DEBUG] cheese - null
[2020-04-01T13:57:25.898] [DEBUG] cheese - login => username:admin,password:123456
[2020-04-01T13:57:25.898] [DEBUG] cheese - admin
[2020-04-01T13:57:25.900] [DEBUG] cheese - null
[2020-04-01T13:57:25.900] [DEBUG] cheese - null
[2020-04-01T13:58:04.125] [DEBUG] cheese - login => username:123,password:123123
[2020-04-01T13:58:04.125] [DEBUG] cheese - 123
[2020-04-01T13:58:04.127] [DEBUG] cheese - null
[2020-04-01T13:58:04.127] [DEBUG] cheese - null
[2020-04-01T13:58:28.503] [DEBUG] cheese - login => username:123,password:123123123
[2020-04-01T13:58:28.503] [DEBUG] cheese - 123
[2020-04-01T13:58:28.504] [DEBUG] cheese - null
[2020-04-01T13:58:28.504] [DEBUG] cheese - null
[2020-04-01T13:59:36.518] [DEBUG] cheese - login => username:12312,password:3123123213
[2020-04-01T13:59:36.518] [DEBUG] cheese - 12312
[2020-04-01T13:59:36.519] [DEBUG] cheese - null
[2020-04-01T13:59:36.519] [DEBUG] cheese - null
[2020-04-01T16:58:04.820] [DEBUG] cheese - login => username:123213,password:123213213
[2020-04-01T16:58:04.820] [DEBUG] cheese - 123213
[2020-04-01T16:58:04.826] [DEBUG] cheese - null
[2020-04-01T16:58:04.826] [DEBUG] cheese - null
[2020-04-01T16:58:33.332] [DEBUG] cheese - login => username:admin,password:12344556
[2020-04-01T16:58:33.332] [DEBUG] cheese - admin
[2020-04-01T16:58:33.335] [DEBUG] cheese - null
[2020-04-01T16:58:33.335] [DEBUG] cheese - null
[2020-04-01T16:58:37.609] [DEBUG] cheese - login => username:admin,password:123456
[2020-04-01T16:58:37.609] [DEBUG] cheese - admin
[2020-04-01T16:58:37.611] [DEBUG] cheese - null
[2020-04-01T16:58:37.611] [DEBUG] cheese - null
[2020-04-01T17:00:29.413] [DEBUG] cheese - login => username:admin,password:123456
[2020-04-01T17:00:29.413] [DEBUG] cheese - admin
[2020-04-01T17:00:29.414] [DEBUG] cheese - null
[2020-04-01T17:00:29.414] [DEBUG] cheese - null
[2020-04-01T17:01:27.658] [DEBUG] cheese - login => username:admin,password:123456
[2020-04-01T17:01:27.658] [DEBUG] cheese - admin
[2020-04-01T17:01:27.659] [DEBUG] cheese - null
[2020-04-01T17:01:27.660] [DEBUG] cheese - null
[2020-04-01T17:54:27.822] [DEBUG] cheese - login => username:admin,password:123456
[2020-04-01T17:54:27.822] [DEBUG] cheese - admin
[2020-04-01T17:54:27.823] [DEBUG] cheese - null
[2020-04-01T17:54:27.823] [DEBUG] cheese - null
[2020-04-01T17:54:48.420] [DEBUG] cheese - login => username:admin,password:123456
[2020-04-01T17:54:48.420] [DEBUG] cheese - admin
[2020-04-01T17:54:48.422] [DEBUG] cheese - null
[2020-04-01T17:54:48.422] [DEBUG] cheese - null
[2020-04-01T17:56:53.213] [DEBUG] cheese - login => username:admin,password:123456
[2020-04-01T17:56:53.213] [DEBUG] cheese - admin
[2020-04-01T17:56:53.216] [DEBUG] cheese - null
[2020-04-01T17:56:53.216] [DEBUG] cheese - null
[2020-04-01T17:57:49.734] [DEBUG] cheese - login => username:admin,password:123456
[2020-04-01T17:57:49.734] [DEBUG] cheese - admin
[2020-04-01T17:57:49.737] [DEBUG] cheese - null
[2020-04-01T17:57:49.737] [DEBUG] cheese - null
[2020-04-01T18:46:20.090] [DEBUG] cheese - login => username:admin,password:123456
[2020-04-01T18:46:20.090] [DEBUG] cheese - admin
[2020-04-01T18:46:20.091] [DEBUG] cheese - null
[2020-04-01T18:46:20.092] [DEBUG] cheese - null
